[debug] [2023-11-08T01:13:06.890Z] ----------------------------------------------------------------------
[debug] [2023-11-08T01:13:06.891Z] Command:       /Users/shemang/.nvm/versions/node/v18.18.2/bin/node /Users/shemang/.nvm/versions/node/v18.18.2/bin/firebase init
[debug] [2023-11-08T01:13:06.891Z] CLI Version:   12.8.0
[debug] [2023-11-08T01:13:06.891Z] Platform:      darwin
[debug] [2023-11-08T01:13:06.891Z] Node Version:  v18.18.2
[debug] [2023-11-08T01:13:06.892Z] Time:          Wed Nov 08 2023 02:13:06 GMT+0100 (West Africa Standard Time)
[debug] [2023-11-08T01:13:06.892Z] ----------------------------------------------------------------------
[debug] 
[debug] [2023-11-08T01:13:06.931Z] Field ".emulators.firestore.port" in "firebase.json" is possibly invalid: should be number
[debug] [2023-11-08T01:13:06.933Z] > command requires scopes: ["email","openid","https://www.googleapis.com/auth/cloudplatformprojects.readonly","https://www.googleapis.com/auth/firebase","https://www.googleapis.com/auth/cloud-platform"]
[debug] [2023-11-08T01:13:06.933Z] > authorizing via signed-in user (bcoder49@gmail.com)
[debug] [2023-11-08T01:13:06.934Z] Field ".emulators.firestore.port" in "firebase.json" is possibly invalid: should be number
[info] 
     ######## #### ########  ######## ########     ###     ######  ########
     ##        ##  ##     ## ##       ##     ##  ##   ##  ##       ##
     ######    ##  ########  ######   ########  #########  ######  ######
     ##        ##  ##    ##  ##       ##     ## ##     ##       ## ##
     ##       #### ##     ## ######## ########  ##     ##  ######  ########

You're about to initialize a Firebase project in this directory:

  /Users/shemang/Desktop/christa/ecommerce-react

Before we get started, keep in mind:

  * You are initializing within an existing Firebase project directory

[info] 
=== Project Setup
[info] 
[info] First, let's associate this project directory with a Firebase project.
[info] You can create multiple project aliases by running firebase use --add, 
[info] but for now we'll just set up a default project.
[info] 
[debug] [2023-11-08T01:13:25.468Z] Using project from CLI flag: christagold
[debug] [2023-11-08T01:13:25.469Z] >>> [apiv2][query] GET https://firebase.googleapis.com/v1beta1/projects/christagold [none]
[debug] [2023-11-08T01:13:26.303Z] <<< [apiv2][status] GET https://firebase.googleapis.com/v1beta1/projects/christagold 403
[debug] [2023-11-08T01:13:26.303Z] <<< [apiv2][body] GET https://firebase.googleapis.com/v1beta1/projects/christagold {"error":{"code":403,"message":"The caller does not have permission","status":"PERMISSION_DENIED"}}
[debug] [2023-11-08T01:13:26.303Z] HTTP Error: 403, The caller does not have permission
[debug] [2023-11-08T01:13:26.659Z] FirebaseError: HTTP Error: 403, The caller does not have permission
    at responseToError (/Users/shemang/.nvm/versions/node/v18.18.2/lib/node_modules/firebase-tools/lib/responseToError.js:49:12)
    at RetryOperation._fn (/Users/shemang/.nvm/versions/node/v18.18.2/lib/node_modules/firebase-tools/lib/apiv2.js:285:77)
    at process.processTicksAndRejections (node:internal/process/task_queues:95:5)
[error] 
[error] Error: Failed to get Firebase project christagold. Please make sure the project exists and your account has permission to access it.
